<?xml version="1.0" encoding="UTF-8"?>
<!-- Generated by org.testng.reporters.JUnitReportReporter -->
<testsuite hostname="DESKTOP-BB46LLT" failures="0" tests="1" name="basics.TestAnnotations" time="0.008" errors="0" timestamp="2023-01-31T11:21:25 IST" skipped="0">
  <testcase classname="basics.TestAnnotations" name="test" time="0.008"/>
  <system-out/>
</testsuite> <!-- basics.TestAnnotations -->
