<?xml version="1.0" encoding="UTF-8"?>
<!-- Generated by org.testng.reporters.JUnitReportReporter -->
<testsuite hostname="DESKTOP-BB46LLT" failures="0" tests="1" name="basics.DataDriven" time="0.857" errors="0" timestamp="2023-01-31T12:33:43 IST" skipped="0">
  <testcase classname="basics.DataDriven" name="sub" time="0.857"/>
  <system-out/>
</testsuite> <!-- basics.DataDriven -->
