<?xml version="1.0" encoding="UTF-8"?>
<!-- Generated by org.testng.reporters.JUnitReportReporter -->
<testsuite hostname="DESKTOP-BB46LLT" failures="0" tests="2" name="basics.LoginWebShop" time="15.634" errors="0" timestamp="2023-01-31T12:52:27 IST" skipped="0">
  <testcase classname="basics.LoginWebShop" name="text" time="7.613"/>
  <system-out/>
  <testcase classname="basics.LoginWebShop" name="text" time="8.021"/>
  <system-out/>
</testsuite> <!-- basics.LoginWebShop -->
